G:\MY DOCUMENTS\VISUAL STUDIO 2012\PROJECTS\SFML\SFML\RELEASE\SFML.PCH
G:\MY DOCUMENTS\VISUAL STUDIO 2012\PROJECTS\SFML\SFML\RELEASE\STDAFX.OBJ
G:\MY DOCUMENTS\VISUAL STUDIO 2012\PROJECTS\SFML\SFML\RELEASE\VC110.PDB
G:\MY DOCUMENTS\VISUAL STUDIO 2012\PROJECTS\SFML\SFML\RELEASE\OBSERVABLEIP.OBJ
G:\MY DOCUMENTS\VISUAL STUDIO 2012\PROJECTS\SFML\SFML\RELEASE\MAPEDITOR.OBJ
G:\MY DOCUMENTS\VISUAL STUDIO 2012\PROJECTS\SFML\SFML\RELEASE\MAIN.OBJ
G:\MY DOCUMENTS\VISUAL STUDIO 2012\PROJECTS\SFML\SFML\RELEASE\MEVIEW.OBJ
G:\MY DOCUMENTS\VISUAL STUDIO 2012\PROJECTS\SFML\SFML\RELEASE\MEMODEL.OBJ
G:\MY DOCUMENTS\VISUAL STUDIO 2012\PROJECTS\SFML\SFML\RELEASE\MECONTROLLER.OBJ
G:\MY DOCUMENTS\VISUAL STUDIO 2012\PROJECTS\SFML\SFML\RELEASE\KNIGHT.OBJ
G:\MY DOCUMENTS\VISUAL STUDIO 2012\PROJECTS\SFML\SFML\RELEASE\ITEMPOUCH.OBJ
G:\MY DOCUMENTS\VISUAL STUDIO 2012\PROJECTS\SFML\SFML\RELEASE\ITEM.OBJ
G:\MY DOCUMENTS\VISUAL STUDIO 2012\PROJECTS\SFML\SFML\RELEASE\IPVIEW.OBJ
G:\MY DOCUMENTS\VISUAL STUDIO 2012\PROJECTS\SFML\SFML\RELEASE\IPMODEL.OBJ
G:\MY DOCUMENTS\VISUAL STUDIO 2012\PROJECTS\SFML\SFML\RELEASE\IPCONTROLLER.OBJ
G:\MY DOCUMENTS\VISUAL STUDIO 2012\PROJECTS\SFML\SFML\RELEASE\FIGHTERTANKCONCRETEBUILDER.OBJ
G:\MY DOCUMENTS\VISUAL STUDIO 2012\PROJECTS\SFML\SFML\RELEASE\FIGHTERNIMBLECONCRETEBUILDER.OBJ
G:\MY DOCUMENTS\VISUAL STUDIO 2012\PROJECTS\SFML\SFML\RELEASE\FIGHTERBULLYCONCRETEBUILDER.OBJ
G:\MY DOCUMENTS\VISUAL STUDIO 2012\PROJECTS\SFML\SFML\RELEASE\FIGHTER.OBJ
G:\MY DOCUMENTS\VISUAL STUDIO 2012\PROJECTS\SFML\SFML\RELEASE\EQUIPMENT.OBJ
G:\MY DOCUMENTS\VISUAL STUDIO 2012\PROJECTS\SFML\SFML\RELEASE\CONTROLLER.OBJ
G:\MY DOCUMENTS\VISUAL STUDIO 2012\PROJECTS\SFML\SFML\RELEASE\CHARACTER.OBJ
G:\MY DOCUMENTS\VISUAL STUDIO 2012\PROJECTS\SFML\SFML\RELEASE\ARCHER.OBJ
G:\MY DOCUMENTS\VISUAL STUDIO 2012\PROJECTS\SFML\SFML\RELEASE\WEAPON.OBJ
G:\MY DOCUMENTS\VISUAL STUDIO 2012\PROJECTS\SFML\SFML\RELEASE\SORCERER.OBJ
G:\MY DOCUMENTS\VISUAL STUDIO 2012\PROJECTS\SFML\SFML\RELEASE\OBSERVER.OBJ
G:\MY DOCUMENTS\VISUAL STUDIO 2012\PROJECTS\SFML\SFML\RELEASE\OBSERVABLEMAP.OBJ
G:\MY DOCUMENTS\VISUAL STUDIO 2012\PROJECTS\SFML\RELEASE\SFML.EXE
G:\MY DOCUMENTS\VISUAL STUDIO 2012\PROJECTS\SFML\RELEASE\SFML.PDB
G:\My Documents\Visual Studio 2012\Projects\Sfml\Sfml\Release\345ItemsManager1.obj
G:\My Documents\Visual Studio 2012\Projects\Sfml\Sfml\Release\345ItemsManager2.obj
G:\My Documents\Visual Studio 2012\Projects\Sfml\Sfml\Release\Archer.obj
G:\My Documents\Visual Studio 2012\Projects\Sfml\Sfml\Release\Character.obj
G:\My Documents\Visual Studio 2012\Projects\Sfml\Sfml\Release\Controller.obj
G:\My Documents\Visual Studio 2012\Projects\Sfml\Sfml\Release\Equipment.obj
G:\My Documents\Visual Studio 2012\Projects\Sfml\Sfml\Release\Fighter.obj
G:\My Documents\Visual Studio 2012\Projects\Sfml\Sfml\Release\FighterBullyConcreteBuilder.obj
G:\My Documents\Visual Studio 2012\Projects\Sfml\Sfml\Release\FighterNimbleConcreteBuilder.obj
G:\My Documents\Visual Studio 2012\Projects\Sfml\Sfml\Release\FighterTankConcreteBuilder.obj
G:\My Documents\Visual Studio 2012\Projects\Sfml\Sfml\Release\IPController.obj
G:\My Documents\Visual Studio 2012\Projects\Sfml\Sfml\Release\IPModel.obj
G:\My Documents\Visual Studio 2012\Projects\Sfml\Sfml\Release\IPView.obj
G:\My Documents\Visual Studio 2012\Projects\Sfml\Sfml\Release\Item.obj
G:\My Documents\Visual Studio 2012\Projects\Sfml\Sfml\Release\ItemPouch.obj
G:\My Documents\Visual Studio 2012\Projects\Sfml\Sfml\Release\Knight.obj
G:\My Documents\Visual Studio 2012\Projects\Sfml\Sfml\Release\Main.obj
G:\My Documents\Visual Studio 2012\Projects\Sfml\Sfml\Release\MapEditor.obj
G:\My Documents\Visual Studio 2012\Projects\Sfml\Sfml\Release\MEController.obj
G:\My Documents\Visual Studio 2012\Projects\Sfml\Sfml\Release\MEModel.obj
G:\My Documents\Visual Studio 2012\Projects\Sfml\Sfml\Release\MEView.obj
G:\My Documents\Visual Studio 2012\Projects\Sfml\Sfml\Release\ObservableIP.obj
G:\My Documents\Visual Studio 2012\Projects\Sfml\Sfml\Release\ObservableMap.obj
G:\My Documents\Visual Studio 2012\Projects\Sfml\Sfml\Release\Observer.obj
G:\My Documents\Visual Studio 2012\Projects\Sfml\Sfml\Release\Sorcerer.obj
G:\My Documents\Visual Studio 2012\Projects\Sfml\Sfml\Release\stdafx.obj
G:\My Documents\Visual Studio 2012\Projects\Sfml\Sfml\Release\Weapon.obj
G:\My Documents\Visual Studio 2012\Projects\Sfml\Sfml\Release\cl.command.1.tlog
G:\My Documents\Visual Studio 2012\Projects\Sfml\Sfml\Release\CL.read.1.tlog
G:\My Documents\Visual Studio 2012\Projects\Sfml\Sfml\Release\CL.write.1.tlog
G:\My Documents\Visual Studio 2012\Projects\Sfml\Sfml\Release\link.command.1.tlog
G:\My Documents\Visual Studio 2012\Projects\Sfml\Sfml\Release\link.read.1.tlog
G:\My Documents\Visual Studio 2012\Projects\Sfml\Sfml\Release\link.read.2.tlog
G:\My Documents\Visual Studio 2012\Projects\Sfml\Sfml\Release\link.read.3.tlog
G:\My Documents\Visual Studio 2012\Projects\Sfml\Sfml\Release\link.read.4.tlog
G:\My Documents\Visual Studio 2012\Projects\Sfml\Sfml\Release\link.read.5.tlog
G:\My Documents\Visual Studio 2012\Projects\Sfml\Sfml\Release\link.write.1.tlog
G:\My Documents\Visual Studio 2012\Projects\Sfml\Sfml\Release\link-cvtres.read.1.tlog
G:\My Documents\Visual Studio 2012\Projects\Sfml\Sfml\Release\link-cvtres.write.1.tlog
G:\My Documents\Visual Studio 2012\Projects\Sfml\Sfml\Release\link-rc.read.1.tlog
G:\My Documents\Visual Studio 2012\Projects\Sfml\Sfml\Release\link-rc.write.1.tlog
G:\My Documents\Visual Studio 2012\Projects\Sfml\Sfml\Release\Sfml.pch
G:\My Documents\Visual Studio 2012\Projects\Sfml\Sfml\Release\vc110.pdb
G:\My Documents\Visual Studio 2012\Projects\Sfml\Release\Sfml.pdb
G:\My Documents\Visual Studio 2012\Projects\Sfml\Release\Sfml.exe
