Build started 11/2/2013 7:08:05 PM.
     1>Project "G:\My Documents\Visual Studio 2012\Projects\Sfml\Sfml\Sfml.vcxproj" on node 2 (Build target(s)).
     1>ClCompile:
         C:\Program Files (x86)\Microsoft Visual Studio 11.0\VC\bin\CL.exe /c /I"G:\SFML-2.1\include" /ZI /nologo /W3 /WX- /sdl /Od /Oy- /D WIN32 /D _DEBUG /D _CONSOLE /D _UNICODE /D UNICODE /Gm /EHsc /RTC1 /MDd /GS /fp:precise /Zc:wchar_t /Zc:forScope /Yu"stdafx.h" /Fp"Debug\Sfml.pch" /Fo"Debug\\" /Fd"Debug\vc110.pdb" /Gd /TP /analyze- /errorReport:prompt Main.cpp MapEditor.cpp MEController.cpp MEModel.cpp MEView.cpp ObservableMap.cpp Observer.cpp
         Observer.cpp
         ObservableMap.cpp
         MEView.cpp
     1>g:\my documents\visual studio 2012\projects\sfml\sfml\meview.cpp(70): warning C4244: 'argument' : conversion from 'int' to 'float', possible loss of data
     1>g:\my documents\visual studio 2012\projects\sfml\sfml\meview.cpp(75): warning C4244: 'argument' : conversion from 'int' to 'float', possible loss of data
     1>g:\my documents\visual studio 2012\projects\sfml\sfml\meview.cpp(79): warning C4244: 'argument' : conversion from 'int' to 'float', possible loss of data
     1>g:\my documents\visual studio 2012\projects\sfml\sfml\meview.cpp(145): warning C4172: returning address of local variable or temporary
     1>g:\my documents\visual studio 2012\projects\sfml\sfml\meview.cpp(181): warning C4244: 'initializing' : conversion from 'float' to 'int', possible loss of data
     1>g:\my documents\visual studio 2012\projects\sfml\sfml\meview.cpp(190): warning C4244: 'argument' : conversion from 'int' to 'float', possible loss of data
     1>g:\my documents\visual studio 2012\projects\sfml\sfml\meview.cpp(196): warning C4244: 'argument' : conversion from 'int' to 'float', possible loss of data
     1>g:\my documents\visual studio 2012\projects\sfml\sfml\meview.cpp(372): warning C4018: '<' : signed/unsigned mismatch
     1>g:\my documents\visual studio 2012\projects\sfml\sfml\meview.cpp(373): warning C4018: '<' : signed/unsigned mismatch
         MEModel.cpp
         MEController.cpp
         MapEditor.cpp
         Main.cpp
         Generating Code...
       Link:
         C:\Program Files (x86)\Microsoft Visual Studio 11.0\VC\bin\link.exe /ERRORREPORT:PROMPT /OUT:"G:\My Documents\Visual Studio 2012\Projects\Sfml\Debug\Sfml.exe" /INCREMENTAL /NOLOGO /LIBPATH:"G:\SFML-2.1\lib" "sfml-graphics-d.lib" "sfml-window-d.lib" "sfml-system-d.lib" kernel32.lib user32.lib gdi32.lib winspool.lib comdlg32.lib advapi32.lib shell32.lib ole32.lib oleaut32.lib uuid.lib odbc32.lib odbccp32.lib kernel32.lib user32.lib gdi32.lib winspool.lib comdlg32.lib advapi32.lib shell32.lib ole32.lib oleaut32.lib uuid.lib odbc32.lib odbccp32.lib /MANIFEST /MANIFESTUAC:"level='asInvoker' uiAccess='false'" /manifest:embed /DEBUG /PDB:"G:\My Documents\Visual Studio 2012\Projects\Sfml\Debug\Sfml.pdb" /SUBSYSTEM:CONSOLE /TLBID:1 /DYNAMICBASE /NXCOMPAT /IMPLIB:"G:\My Documents\Visual Studio 2012\Projects\Sfml\Debug\Sfml.lib" /MACHINE:X86 Debug\Main.obj
         Debug\MapEditor.obj
         Debug\MEController.obj
         Debug\MEModel.obj
         Debug\MEView.obj
         Debug\ObservableMap.obj
         Debug\Observer.obj
         Debug\stdafx.obj
         Sfml.vcxproj -> G:\My Documents\Visual Studio 2012\Projects\Sfml\Debug\Sfml.exe
     1>Done Building Project "G:\My Documents\Visual Studio 2012\Projects\Sfml\Sfml\Sfml.vcxproj" (Build target(s)).

Build succeeded.

Time Elapsed 00:00:20.26
